{"uid":"a119881c8087bcb","name":"test_login_parabank[testuser-password-juan-lopez]","fullName":"parabank_front.tests.test_login#test_login_parabank","historyId":"feaca7dbdc400b1b321e4b8c8ded718f","time":{"start":1748486592928,"stop":1748486603314,"duration":10386},"status":"broken","statusMessage":"selenium.common.exceptions.TimeoutException: Message:","statusTrace":"browser = <selenium.webdriver.chrome.webdriver.WebDriver (session=\"feff6a59d518ef4116be44452da88c10\")>, username = 'testuser', password = 'password'\nname = 'juan', last_name = 'lopez'\n\n    @pytest.mark.parametrize(\n        ['username', 'password', 'name', 'last_name'],\n        [('testuser', 'password', 'juan', 'lopez'),]\n    )\n    # el test usa como argumento a la funcion que maneja la instancia del webdriver\n    # pytest maneja que si hay argumentos, va a fijarse en los fixtures\n    def test_login_parabank(browser, username, password, name, last_name):\n    \n        # creo los dos objetos de las paginas que voy a usar\n        home_page = ParabankHomePage(browser)\n        overview_page = ParabankOverviewPage(browser)\n    \n        # Given la pagina de parabank esta activa\n        home_page.load()\n        logger.info(f'pagina cargada')\n    \n        # WHEN el user ingresa credenciales\n        home_page.login(username, password)\n>       WebDriverWait(browser, 10).until(\n            ec.title_is('ParaBank | Accounts Overview'))\n\nparabank_front/tests/test_login.py:35: \n_ _ _ _ _ _ _ _ _ _ _ _ _ _ _ _ _ _ _ _ _ _ _ _ _ _ _ _ _ _ _ _ _ _ _ _ _ _ _ _ _ _ _ _ _ _ _ _ _ _ _ _ _ _ _ _ _ _ _ _ _ _ _ _ _ _ _ _ _ _ _ _ _ _ _ _ _ _ _ _ _ \n\nself = <selenium.webdriver.support.wait.WebDriverWait (session=\"feff6a59d518ef4116be44452da88c10\")>\nmethod = <function title_is.<locals>._predicate at 0x7ff4cad60d30>, message = ''\n\n    def until(self, method: Callable[[D], Union[Literal[False], T]], message: str = \"\") -> T:\n        \"\"\"Calls the method provided with the driver as an argument until the \\\n        return value does not evaluate to ``False``.\n    \n        :param method: callable(WebDriver)\n        :param message: optional message for :exc:`TimeoutException`\n        :returns: the result of the last call to `method`\n        :raises: :exc:`selenium.common.exceptions.TimeoutException` if timeout occurs\n        \"\"\"\n        screen = None\n        stacktrace = None\n    \n        end_time = time.monotonic() + self._timeout\n        while True:\n            try:\n                value = method(self._driver)\n                if value:\n                    return value\n            except self._ignored_exceptions as exc:\n                screen = getattr(exc, \"screen\", None)\n                stacktrace = getattr(exc, \"stacktrace\", None)\n            if time.monotonic() > end_time:\n                break\n            time.sleep(self._poll)\n>       raise TimeoutException(message, screen, stacktrace)\nE       selenium.common.exceptions.TimeoutException: Message:\n\nvenv-automation/lib/python3.8/site-packages/selenium/webdriver/support/wait.py:105: TimeoutException","flaky":false,"newFailed":false,"newBroken":false,"newPassed":false,"retriesCount":0,"retriesStatusChange":false,"beforeStages":[{"name":"config","time":{"start":1748486590150,"stop":1748486590151,"duration":1},"status":"passed","steps":[],"attachments":[],"parameters":[],"stepsCount":0,"shouldDisplayMessage":false,"attachmentsCount":0,"hasContent":false,"attachmentStep":false},{"name":"browser","time":{"start":1748486590151,"stop":1748486592927,"duration":2776},"status":"passed","steps":[],"attachments":[],"parameters":[],"stepsCount":0,"shouldDisplayMessage":false,"attachmentsCount":0,"hasContent":false,"attachmentStep":false}],"testStage":{"status":"broken","statusMessage":"selenium.common.exceptions.TimeoutException: Message:","statusTrace":"browser = <selenium.webdriver.chrome.webdriver.WebDriver (session=\"feff6a59d518ef4116be44452da88c10\")>, username = 'testuser', password = 'password'\nname = 'juan', last_name = 'lopez'\n\n    @pytest.mark.parametrize(\n        ['username', 'password', 'name', 'last_name'],\n        [('testuser', 'password', 'juan', 'lopez'),]\n    )\n    # el test usa como argumento a la funcion que maneja la instancia del webdriver\n    # pytest maneja que si hay argumentos, va a fijarse en los fixtures\n    def test_login_parabank(browser, username, password, name, last_name):\n    \n        # creo los dos objetos de las paginas que voy a usar\n        home_page = ParabankHomePage(browser)\n        overview_page = ParabankOverviewPage(browser)\n    \n        # Given la pagina de parabank esta activa\n        home_page.load()\n        logger.info(f'pagina cargada')\n    \n        # WHEN el user ingresa credenciales\n        home_page.login(username, password)\n>       WebDriverWait(browser, 10).until(\n            ec.title_is('ParaBank | Accounts Overview'))\n\nparabank_front/tests/test_login.py:35: \n_ _ _ _ _ _ _ _ _ _ _ _ _ _ _ _ _ _ _ _ _ _ _ _ _ _ _ _ _ _ _ _ _ _ _ _ _ _ _ _ _ _ _ _ _ _ _ _ _ _ _ _ _ _ _ _ _ _ _ _ _ _ _ _ _ _ _ _ _ _ _ _ _ _ _ _ _ _ _ _ _ \n\nself = <selenium.webdriver.support.wait.WebDriverWait (session=\"feff6a59d518ef4116be44452da88c10\")>\nmethod = <function title_is.<locals>._predicate at 0x7ff4cad60d30>, message = ''\n\n    def until(self, method: Callable[[D], Union[Literal[False], T]], message: str = \"\") -> T:\n        \"\"\"Calls the method provided with the driver as an argument until the \\\n        return value does not evaluate to ``False``.\n    \n        :param method: callable(WebDriver)\n        :param message: optional message for :exc:`TimeoutException`\n        :returns: the result of the last call to `method`\n        :raises: :exc:`selenium.common.exceptions.TimeoutException` if timeout occurs\n        \"\"\"\n        screen = None\n        stacktrace = None\n    \n        end_time = time.monotonic() + self._timeout\n        while True:\n            try:\n                value = method(self._driver)\n                if value:\n                    return value\n            except self._ignored_exceptions as exc:\n                screen = getattr(exc, \"screen\", None)\n                stacktrace = getattr(exc, \"stacktrace\", None)\n            if time.monotonic() > end_time:\n                break\n            time.sleep(self._poll)\n>       raise TimeoutException(message, screen, stacktrace)\nE       selenium.common.exceptions.TimeoutException: Message:\n\nvenv-automation/lib/python3.8/site-packages/selenium/webdriver/support/wait.py:105: TimeoutException","steps":[],"attachments":[{"uid":"90c9d7fc20c53368","name":"log","source":"90c9d7fc20c53368.txt","type":"text/plain","size":1078},{"uid":"90edf6929b151c1","name":"stderr","source":"90edf6929b151c1.txt","type":"text/plain","size":760}],"parameters":[],"stepsCount":0,"shouldDisplayMessage":true,"attachmentsCount":2,"hasContent":true,"attachmentStep":false},"afterStages":[{"name":"browser::0","time":{"start":1748486603356,"stop":1748486603420,"duration":64},"status":"passed","steps":[],"attachments":[],"parameters":[],"stepsCount":0,"shouldDisplayMessage":false,"attachmentsCount":0,"hasContent":false,"attachmentStep":false}],"labels":[{"name":"parentSuite","value":"parabank_front.tests"},{"name":"suite","value":"test_login"},{"name":"host","value":"user-VivoBook-ASUSLaptop-X512JP-X512JP"},{"name":"thread","value":"347470-MainThread"},{"name":"framework","value":"pytest"},{"name":"language","value":"cpython3"},{"name":"package","value":"parabank_front.tests.test_login"},{"name":"resultFormat","value":"allure2"}],"parameters":[{"name":"last_name","value":"'lopez'"},{"name":"name","value":"'juan'"},{"name":"password","value":"'password'"},{"name":"username","value":"'testuser'"}],"links":[],"hidden":true,"retry":true,"extra":{"categories":[],"tags":[]},"source":"a119881c8087bcb.json","parameterValues":["'lopez'","'juan'","'password'","'testuser'"]}